Arguments: 
  C:\Program Files\nodejs\node.exe C:\Users\ernesto mercado\AppData\Roaming\npm\node_modules\yarn\bin\yarn.js add bootstrap@next node-sass

PATH: 
  C:\WINDOWS\system32;C:\WINDOWS;C:\WINDOWS\System32\Wbem;C:\WINDOWS\System32\WindowsPowerShell\v1.0\;C:\WINDOWS\System32\OpenSSH\;C:\Windows\Microsoft.NET\Framework\v4.0.30319;C:\Program Files\Microsoft SQL Server\130\Tools\Binn\;C:\Program Files\Microsoft SQL Server\Client SDK\ODBC\170\Tools\Binn\;C:\Program Files (x86)\IncrediBuild;C:\Program Files\nodejs\;C:\Program Files\MongoDB\Server\4.4\bin;C:\ProgramData\ComposerSetup\bin;C:\xampppp\php;C:\Program Files\Git\cmd;C:\Program Files\MongoDB\Server\4.4\bin;C:\Users\ernesto mercado\AppData\Local\Programs\Microsoft VS Code\bin;C:\Program Files\heroku\bin;C:\Users\ernesto mercado\AppData\Roaming\Composer\vendor\bin;C:\Users\ernesto mercado\AppData\Roaming\npm;

Yarn version: 
  1.22.10

Node version: 
  12.18.3

Platform: 
  win32 x64

Trace: 
  Error: https://registry.yarnpkg.com/@material-ui/icons/-/icons-4.11.2.tgz: ESOCKETTIMEDOUT
      at ClientRequest.<anonymous> (C:\Users\ernesto mercado\AppData\Roaming\npm\node_modules\yarn\lib\cli.js:141289:19)
      at Object.onceWrapper (events.js:421:28)
      at ClientRequest.emit (events.js:315:20)
      at TLSSocket.emitRequestTimeout (_http_client.js:709:9)
      at Object.onceWrapper (events.js:421:28)
      at TLSSocket.emit (events.js:327:22)
      at TLSSocket.Socket._onTimeout (net.js:482:8)
      at listOnTimeout (internal/timers.js:549:17)
      at processTimers (internal/timers.js:492:7)

npm manifest: 
  {
    "name": "client",
    "version": "0.1.0",
    "private": true,
    "proxy": "http://localhost:5000",
    "dependencies": {
      "@fortawesome/fontawesome-svg-core": "^1.2.36",
      "@fortawesome/free-solid-svg-icons": "^5.15.4",
      "@fortawesome/react-fontawesome": "^0.1.15",
      "@material-ui/core": "^4.11.3",
      "@material-ui/icons": "^4.11.2",
      "@testing-library/jest-dom": "^5.11.10",
      "@testing-library/react": "^11.2.6",
      "@testing-library/user-event": "^12.8.3",
      "antd": "^4.15.2",
      "axios": "^0.21.1",
      "bootstrap": "^5.1.0",
      "connected-react-router": "^6.9.1",
      "font-awesome": "^4.7.0",
      "jquery": "^3.6.0",
      "jwt-decode": "^3.1.2",
      "moment": "^2.29.1",
      "ramda": "^0.27.1",
      "react": "^17.0.2",
      "react-bootstrap": "^1.5.2",
      "react-dom": "^17.0.2",
      "react-file-base64": "^1.0.3",
      "react-google-login": "^5.2.2",
      "react-redux": "^7.2.3",
      "react-router-dom": "^5.2.0",
      "react-scripts": "4.0.3",
      "redux": "^4.0.5",
      "redux-thunk": "^2.3.0",
      "uuid": "^8.3.2",
      "web-vitals": "^1.1.1"
    },
    "scripts": {
      "start": "react-scripts start",
      "build": "react-scripts build",
      "test": "react-scripts test",
      "eject": "react-scripts eject"
    },
    "eslintConfig": {
      "extends": [
        "react-app",
        "react-app/jest"
      ]
    },
    "browserslist": {
      "production": [
        ">0.2%",
        "not dead",
        "not op_mini all"
      ],
      "development": [
        "last 1 chrome version",
        "last 1 firefox version",
        "last 1 safari version"
      ]
    },
    "devDependencies": {
      "babel-preset-env": "^1.7.0",
      "enzyme": "^3.11.0",
      "enzyme-adapter-react-16": "^1.15.6",
      "jest-serializer-html": "^7.1.0"
    }
  }

yarn manifest: 
  No manifest

Lockfile: 
  No lockfile
